# JRE version: OpenJDK Runtime Environment (8.0_242-b01) (build 1.8.0_242-release-1644-b01)
# Java VM: OpenJDK 64-Bit Server VM (25.242-b01 mixed mode windows-amd64 compressed oops)
Heap:
 PSYoungGen      total 224768K, used 113309K [0x00000000d5580000, 0x00000000e3f00000, 0x0000000100000000)
  eden space 210944K, 47% used [0x00000000d5580000,0x00000000db6a9208,0x00000000e2380000)
  from space 13824K, 99% used [0x00000000e2400000,0x00000000e317e560,0x00000000e3180000)
  to   space 8192K, 0% used [0x00000000e3700000,0x00000000e3700000,0x00000000e3f00000)
 ParOldGen       total 87040K, used 18475K [0x0000000080000000, 0x0000000085500000, 0x00000000d5580000)
  object space 87040K, 21% used [0x0000000080000000,0x000000008120adb0,0x0000000085500000)
 Metaspace       used 53317K, capacity 55444K, committed 55768K, reserved 1097728K
  class space    used 7145K, capacity 7590K, committed 7680K, reserved 1048576K
GC Heap History (10 events):
Event: 6.048 GC heap before
{Heap before GC invocations=7 (full 1):
 PSYoungGen      total 141312K, used 5628K [0x00000000d5580000, 0x00000000deb80000, 0x0000000100000000)
  eden space 131072K, 0% used [0x00000000d5580000,0x00000000d5580000,0x00000000dd580000)
  from space 10240K, 54% used [0x00000000de180000,0x00000000de6ff050,0x00000000deb80000)
  to   space 11264K, 0% used [0x00000000dd580000,0x00000000dd580000,0x00000000de080000)
 ParOldGen       total 86016K, used 9226K [0x0000000080000000, 0x0000000085400000, 0x00000000d5580000)
  object space 86016K, 10% used [0x0000000080000000,0x0000000080902bc8,0x0000000085400000)
 Metaspace       used 20599K, capacity 21192K, committed 21248K, reserved 1067008K
  class space    used 2868K, capacity 3044K, committed 3072K, reserved 1048576K
Event: 6.115 GC heap after
Heap after GC invocations=7 (full 1):
 PSYoungGen      total 141312K, used 0K [0x00000000d5580000, 0x00000000deb80000, 0x0000000100000000)
  eden space 131072K, 0% used [0x00000000d5580000,0x00000000d5580000,0x00000000dd580000)
  from space 10240K, 0% used [0x00000000de180000,0x00000000de180000,0x00000000deb80000)
  to   space 11264K, 0% used [0x00000000dd580000,0x00000000dd580000,0x00000000de080000)
 ParOldGen       total 61952K, used 11694K [0x0000000080000000, 0x0000000083c80000, 0x00000000d5580000)
  object space 61952K, 18% used [0x0000000080000000,0x0000000080b6b8e0,0x0000000083c80000)
 Metaspace       used 20599K, capacity 21192K, committed 21248K, reserved 1067008K
  class space    used 2868K, capacity 3044K, committed 3072K, reserved 1048576K
}
Event: 8.679 GC heap before
{Heap before GC invocations=8 (full 1):
 PSYoungGen      total 141312K, used 131072K [0x00000000d5580000, 0x00000000deb80000, 0x0000000100000000)
  eden space 131072K, 100% used [0x00000000d5580000,0x00000000dd580000,0x00000000dd580000)
  from space 10240K, 0% used [0x00000000de180000,0x00000000de180000,0x00000000deb80000)
  to   space 11264K, 0% used [0x00000000dd580000,0x00000000dd580000,0x00000000de080000)
 ParOldGen       total 61952K, used 11694K [0x0000000080000000, 0x0000000083c80000, 0x00000000d5580000)
  object space 61952K, 18% used [0x0000000080000000,0x0000000080b6b8e0,0x0000000083c80000)
 Metaspace       used 32757K, capacity 33770K, committed 33920K, reserved 1079296K
  class space    used 4460K, capacity 4719K, committed 4736K, reserved 1048576K
Event: 8.738 GC heap after
Heap after GC invocations=8 (full 1):
 PSYoungGen      total 142336K, used 11235K [0x00000000d5580000, 0x00000000e4580000, 0x0000000100000000)
  eden space 131072K, 0% used [0x00000000d5580000,0x00000000d5580000,0x00000000dd580000)
  from space 11264K, 99% used [0x00000000dd580000,0x00000000de078ce0,0x00000000de080000)
  to   space 14848K, 0% used [0x00000000e3700000,0x00000000e3700000,0x00000000e4580000)
 ParOldGen       total 61952K, used 14385K [0x0000000080000000, 0x0000000083c80000, 0x00000000d5580000)
  object space 61952K, 23% used [0x0000000080000000,0x0000000080e0c458,0x0000000083c80000)
 Metaspace       used 32757K, capacity 33770K, committed 33920K, reserved 1079296K
  class space    used 4460K, capacity 4719K, committed 4736K, reserved 1048576K
}
Event: 10.979 GC heap before
{Heap before GC invocations=9 (full 1):
 PSYoungGen      total 142336K, used 43958K [0x00000000d5580000, 0x00000000e4580000, 0x0000000100000000)
  eden space 131072K, 24% used [0x00000000d5580000,0x00000000d7574cd0,0x00000000dd580000)
  from space 11264K, 99% used [0x00000000dd580000,0x00000000de078ce0,0x00000000de080000)
  to   space 14848K, 0% used [0x00000000e3700000,0x00000000e3700000,0x00000000e4580000)
 ParOldGen       total 61952K, used 14385K [0x0000000080000000, 0x0000000083c80000, 0x00000000d5580000)
  object space 61952K, 23% used [0x0000000080000000,0x0000000080e0c458,0x0000000083c80000)
 Metaspace       used 34220K, capacity 35380K, committed 35416K, reserved 1079296K
  class space    used 4698K, capacity 4969K, committed 4992K, reserved 1048576K
Event: 10.996 GC heap after
Heap after GC invocations=9 (full 1):
 PSYoungGen      total 219136K, used 8028K [0x00000000d5580000, 0x00000000e3f00000, 0x0000000100000000)
  eden space 210944K, 0% used [0x00000000d5580000,0x00000000d5580000,0x00000000e2380000)
  from space 8192K, 98% used [0x00000000e3700000,0x00000000e3ed7210,0x00000000e3f00000)
  to   space 13824K, 0% used [0x00000000e2400000,0x00000000e2400000,0x00000000e3180000)
 ParOldGen       total 61952K, used 14393K [0x0000000080000000, 0x0000000083c80000, 0x00000000d5580000)
  object space 61952K, 23% used [0x0000000080000000,0x0000000080e0e458,0x0000000083c80000)
 Metaspace       used 34220K, capacity 35380K, committed 35416K, reserved 1079296K
  class space    used 4698K, capacity 4969K, committed 4992K, reserved 1048576K
}
Event: 10.996 GC heap before
{Heap before GC invocations=10 (full 2):
 PSYoungGen      total 219136K, used 8028K [0x00000000d5580000, 0x00000000e3f00000, 0x0000000100000000)
  eden space 210944K, 0% used [0x00000000d5580000,0x00000000d5580000,0x00000000e2380000)
  from space 8192K, 98% used [0x00000000e3700000,0x00000000e3ed7210,0x00000000e3f00000)
  to   space 13824K, 0% used [0x00000000e2400000,0x00000000e2400000,0x00000000e3180000)
 ParOldGen       total 61952K, used 14393K [0x0000000080000000, 0x0000000083c80000, 0x00000000d5580000)
  object space 61952K, 23% used [0x0000000080000000,0x0000000080e0e458,0x0000000083c80000)
 Metaspace       used 34220K, capacity 35380K, committed 35416K, reserved 1079296K
  class space    used 4698K, capacity 4969K, committed 4992K, reserved 1048576K
Event: 11.114 GC heap after
Heap after GC invocations=10 (full 2):
 PSYoungGen      total 219136K, used 0K [0x00000000d5580000, 0x00000000e3f00000, 0x0000000100000000)
  eden space 210944K, 0% used [0x00000000d5580000,0x00000000d5580000,0x00000000e2380000)
  from space 8192K, 0% used [0x00000000e3700000,0x00000000e3700000,0x00000000e3f00000)
  to   space 13824K, 0% used [0x00000000e2400000,0x00000000e2400000,0x00000000e3180000)
 ParOldGen       total 87040K, used 14455K [0x0000000080000000, 0x0000000085500000, 0x00000000d5580000)
  object space 87040K, 16% used [0x0000000080000000,0x0000000080e1de28,0x0000000085500000)
 Metaspace       used 34220K, capacity 35380K, committed 35416K, reserved 1079296K
  class space    used 4698K, capacity 4969K, committed 4992K, reserved 1048576K
}
Event: 15.672 GC heap before
{Heap before GC invocations=11 (full 2):
 PSYoungGen      total 219136K, used 210944K [0x00000000d5580000, 0x00000000e3f00000, 0x0000000100000000)
  eden space 210944K, 100% used [0x00000000d5580000,0x00000000e2380000,0x00000000e2380000)
  from space 8192K, 0% used [0x00000000e3700000,0x00000000e3700000,0x00000000e3f00000)
  to   space 13824K, 0% used [0x00000000e2400000,0x00000000e2400000,0x00000000e3180000)
 ParOldGen       total 87040K, used 14455K [0x0000000080000000, 0x0000000085500000, 0x00000000d5580000)
  object space 87040K, 16% used [0x0000000080000000,0x0000000080e1de28,0x0000000085500000)
 Metaspace       used 46064K, capacity 47894K, committed 48088K, reserved 1091584K
  class space    used 6211K, capacity 6585K, committed 6656K, reserved 1048576K
Event: 15.703 GC heap after
Heap after GC invocations=11 (full 2):
 PSYoungGen      total 224768K, used 13817K [0x00000000d5580000, 0x00000000e3f00000, 0x0000000100000000)
  eden space 210944K, 0% used [0x00000000d5580000,0x00000000d5580000,0x00000000e2380000)
  from space 13824K, 99% used [0x00000000e2400000,0x00000000e317e560,0x00000000e3180000)
  to   space 8192K, 0% used [0x00000000e3700000,0x00000000e3700000,0x00000000e3f00000)
 ParOldGen       total 87040K, used 18475K [0x0000000080000000, 0x0000000085500000, 0x00000000d5580000)
  object space 87040K, 21% used [0x0000000080000000,0x000000008120adb0,0x0000000085500000)
 Metaspace       used 46064K, capacity 47894K, committed 48088K, reserved 1091584K
  class space    used 6211K, capacity 6585K, committed 6656K, reserved 1048576K
}

