# JRE version: OpenJDK Runtime Environment (8.0_242-b01) (build 1.8.0_242-release-1644-b01)
# Java VM: OpenJDK 64-Bit Server VM (25.242-b01 mixed mode windows-amd64 compressed oops)
Heap:
 PSYoungGen      total 297472K, used 5202K [0x00000000d5580000, 0x00000000e9400000, 0x0000000100000000)
  eden space 279040K, 1% used [0x00000000d5580000,0x00000000d5a94950,0x00000000e6600000)
  from space 18432K, 0% used [0x00000000e7e00000,0x00000000e7e00000,0x00000000e9000000)
  to   space 23552K, 0% used [0x00000000e6600000,0x00000000e6600000,0x00000000e7d00000)
 ParOldGen       total 134656K, used 37467K [0x0000000080000000, 0x0000000088380000, 0x00000000d5580000)
  object space 134656K, 27% used [0x0000000080000000,0x0000000082496da0,0x0000000088380000)
 Metaspace       used 56552K, capacity 58914K, committed 59156K, reserved 1099776K
  class space    used 7699K, capacity 8218K, committed 8320K, reserved 1048576K
GC Heap History (10 events):
Event: 9.464 GC heap before
{Heap before GC invocations=9 (full 1):
 PSYoungGen      total 142336K, used 44071K [0x00000000d5580000, 0x00000000e5780000, 0x0000000100000000)
  eden space 131072K, 25% used [0x00000000d5580000,0x00000000d758e048,0x00000000dd580000)
  from space 11264K, 99% used [0x00000000dd580000,0x00000000de07bc80,0x00000000de080000)
  to   space 14848K, 0% used [0x00000000e4900000,0x00000000e4900000,0x00000000e5780000)
 ParOldGen       total 56320K, used 14337K [0x0000000080000000, 0x0000000083700000, 0x00000000d5580000)
  object space 56320K, 25% used [0x0000000080000000,0x0000000080e00620,0x0000000083700000)
 Metaspace       used 34212K, capacity 35380K, committed 35416K, reserved 1079296K
  class space    used 4699K, capacity 4969K, committed 4992K, reserved 1048576K
Event: 9.508 GC heap after
Heap after GC invocations=9 (full 1):
 PSYoungGen      total 250368K, used 8012K [0x00000000d5580000, 0x00000000e5800000, 0x0000000100000000)
  eden space 235520K, 0% used [0x00000000d5580000,0x00000000d5580000,0x00000000e3b80000)
  from space 14848K, 53% used [0x00000000e4900000,0x00000000e50d3200,0x00000000e5780000)
  to   space 13824K, 0% used [0x00000000e3b80000,0x00000000e3b80000,0x00000000e4900000)
 ParOldGen       total 56320K, used 14337K [0x0000000080000000, 0x0000000083700000, 0x00000000d5580000)
  object space 56320K, 25% used [0x0000000080000000,0x0000000080e00620,0x0000000083700000)
 Metaspace       used 34212K, capacity 35380K, committed 35416K, reserved 1079296K
  class space    used 4699K, capacity 4969K, committed 4992K, reserved 1048576K
}
Event: 9.508 GC heap before
{Heap before GC invocations=10 (full 2):
 PSYoungGen      total 250368K, used 8012K [0x00000000d5580000, 0x00000000e5800000, 0x0000000100000000)
  eden space 235520K, 0% used [0x00000000d5580000,0x00000000d5580000,0x00000000e3b80000)
  from space 14848K, 53% used [0x00000000e4900000,0x00000000e50d3200,0x00000000e5780000)
  to   space 13824K, 0% used [0x00000000e3b80000,0x00000000e3b80000,0x00000000e4900000)
 ParOldGen       total 56320K, used 14337K [0x0000000080000000, 0x0000000083700000, 0x00000000d5580000)
  object space 56320K, 25% used [0x0000000080000000,0x0000000080e00620,0x0000000083700000)
 Metaspace       used 34212K, capacity 35380K, committed 35416K, reserved 1079296K
  class space    used 4699K, capacity 4969K, committed 4992K, reserved 1048576K
Event: 10.120 GC heap after
Heap after GC invocations=10 (full 2):
 PSYoungGen      total 250368K, used 0K [0x00000000d5580000, 0x00000000e5800000, 0x0000000100000000)
  eden space 235520K, 0% used [0x00000000d5580000,0x00000000d5580000,0x00000000e3b80000)
  from space 14848K, 0% used [0x00000000e4900000,0x00000000e4900000,0x00000000e5780000)
  to   space 13824K, 0% used [0x00000000e3b80000,0x00000000e3b80000,0x00000000e4900000)
 ParOldGen       total 82432K, used 14398K [0x0000000080000000, 0x0000000085080000, 0x00000000d5580000)
  object space 82432K, 17% used [0x0000000080000000,0x0000000080e0fb88,0x0000000085080000)
 Metaspace       used 34212K, capacity 35380K, committed 35416K, reserved 1079296K
  class space    used 4699K, capacity 4969K, committed 4992K, reserved 1048576K
}
Event: 15.218 GC heap before
{Heap before GC invocations=11 (full 2):
 PSYoungGen      total 250368K, used 235520K [0x00000000d5580000, 0x00000000e5800000, 0x0000000100000000)
  eden space 235520K, 100% used [0x00000000d5580000,0x00000000e3b80000,0x00000000e3b80000)
  from space 14848K, 0% used [0x00000000e4900000,0x00000000e4900000,0x00000000e5780000)
  to   space 13824K, 0% used [0x00000000e3b80000,0x00000000e3b80000,0x00000000e4900000)
 ParOldGen       total 82432K, used 14398K [0x0000000080000000, 0x0000000085080000, 0x00000000d5580000)
  object space 82432K, 17% used [0x0000000080000000,0x0000000080e0fb88,0x0000000085080000)
 Metaspace       used 47810K, capacity 49758K, committed 49880K, reserved 1091584K
  class space    used 6430K, capacity 6825K, committed 6912K, reserved 1048576K
Event: 15.275 GC heap after
Heap after GC invocations=11 (full 2):
 PSYoungGen      total 249344K, used 13808K [0x00000000d5580000, 0x00000000e9000000, 0x0000000100000000)
  eden space 235520K, 0% used [0x00000000d5580000,0x00000000d5580000,0x00000000e3b80000)
  from space 13824K, 99% used [0x00000000e3b80000,0x00000000e48fc058,0x00000000e4900000)
  to   space 18432K, 0% used [0x00000000e7e00000,0x00000000e7e00000,0x00000000e9000000)
 ParOldGen       total 82432K, used 20922K [0x0000000080000000, 0x0000000085080000, 0x00000000d5580000)
  object space 82432K, 25% used [0x0000000080000000,0x000000008146eb38,0x0000000085080000)
 Metaspace       used 47810K, capacity 49758K, committed 49880K, reserved 1091584K
  class space    used 6430K, capacity 6825K, committed 6912K, reserved 1048576K
}
Event: 19.985 GC heap before
{Heap before GC invocations=12 (full 2):
 PSYoungGen      total 249344K, used 155712K [0x00000000d5580000, 0x00000000e9000000, 0x0000000100000000)
  eden space 235520K, 60% used [0x00000000d5580000,0x00000000de014268,0x00000000e3b80000)
  from space 13824K, 99% used [0x00000000e3b80000,0x00000000e48fc058,0x00000000e4900000)
  to   space 18432K, 0% used [0x00000000e7e00000,0x00000000e7e00000,0x00000000e9000000)
 ParOldGen       total 82432K, used 20922K [0x0000000080000000, 0x0000000085080000, 0x00000000d5580000)
  object space 82432K, 25% used [0x0000000080000000,0x000000008146eb38,0x0000000085080000)
 Metaspace       used 56552K, capacity 58882K, committed 59028K, reserved 1099776K
  class space    used 7699K, capacity 8186K, committed 8192K, reserved 1048576K
Event: 20.054 GC heap after
Heap after GC invocations=12 (full 2):
 PSYoungGen      total 297472K, used 18412K [0x00000000d5580000, 0x00000000e9400000, 0x0000000100000000)
  eden space 279040K, 0% used [0x00000000d5580000,0x00000000d5580000,0x00000000e6600000)
  from space 18432K, 99% used [0x00000000e7e00000,0x00000000e8ffb320,0x00000000e9000000)
  to   space 23552K, 0% used [0x00000000e6600000,0x00000000e6600000,0x00000000e7d00000)
 ParOldGen       total 82432K, used 28074K [0x0000000080000000, 0x0000000085080000, 0x00000000d5580000)
  object space 82432K, 34% used [0x0000000080000000,0x0000000081b6a910,0x0000000085080000)
 Metaspace       used 56552K, capacity 58882K, committed 59028K, reserved 1099776K
  class space    used 7699K, capacity 8186K, committed 8192K, reserved 1048576K
}
Event: 20.054 GC heap before
{Heap before GC invocations=13 (full 3):
 PSYoungGen      total 297472K, used 18412K [0x00000000d5580000, 0x00000000e9400000, 0x0000000100000000)
  eden space 279040K, 0% used [0x00000000d5580000,0x00000000d5580000,0x00000000e6600000)
  from space 18432K, 99% used [0x00000000e7e00000,0x00000000e8ffb320,0x00000000e9000000)
  to   space 23552K, 0% used [0x00000000e6600000,0x00000000e6600000,0x00000000e7d00000)
 ParOldGen       total 82432K, used 28074K [0x0000000080000000, 0x0000000085080000, 0x00000000d5580000)
  object space 82432K, 34% used [0x0000000080000000,0x0000000081b6a910,0x0000000085080000)
 Metaspace       used 56552K, capacity 58882K, committed 59028K, reserved 1099776K
  class space    used 7699K, capacity 8186K, committed 8192K, reserved 1048576K
Event: 20.988 GC heap after
Heap after GC invocations=13 (full 3):
 PSYoungGen      total 297472K, used 0K [0x00000000d5580000, 0x00000000e9400000, 0x0000000100000000)
  eden space 279040K, 0% used [0x00000000d5580000,0x00000000d5580000,0x00000000e6600000)
  from space 18432K, 0% used [0x00000000e7e00000,0x00000000e7e00000,0x00000000e9000000)
  to   space 23552K, 0% used [0x00000000e6600000,0x00000000e6600000,0x00000000e7d00000)
 ParOldGen       total 134656K, used 37467K [0x0000000080000000, 0x0000000088380000, 0x00000000d5580000)
  object space 134656K, 27% used [0x0000000080000000,0x0000000082496da0,0x0000000088380000)
 Metaspace       used 56552K, capacity 58882K, committed 59028K, reserved 1099776K
  class space    used 7699K, capacity 8186K, committed 8192K, reserved 1048576K
}

